Build started 27/11/2015 17:13:09.
     1>Project "C:\Users\Mauris\Documents\Visual Studio 2013\Projects\SpaceInvaders\SpaceInvaders\SpaceInvaders.vcxproj" on node 2 (Build target(s)).
     1>ClCompile:
         C:\Program Files (x86)\Microsoft Visual Studio 12.0\VC\bin\x86_amd64\CL.exe /c /I"C:\SFML-2.3.2\include" /Zi /nologo /W3 /WX- /sdl /O2 /Oi /GL /D WIN32 /D NDEBUG /D _CONSOLE /D _LIB /D _UNICODE /D UNICODE /Gm- /EHsc /MD /GS /Gy /fp:precise /Zc:wchar_t /Zc:forScope /Fo"x64\Release\\" /Fd"x64\Release\vc120.pdb" /Gd /TP /errorReport:prompt "game-view.cpp" main.cpp
         game-view.cpp
         main.cpp
       Link:
         C:\Program Files (x86)\Microsoft Visual Studio 12.0\VC\bin\x86_amd64\link.exe /ERRORREPORT:PROMPT /OUT:"C:\Users\Mauris\Documents\Visual Studio 2013\Projects\SpaceInvaders\x64\Release\SpaceInvaders.exe" /INCREMENTAL:NO /NOLOGO /LIBPATH:"C:\SFML-2.3.2\lib" "sfml-graphics.lib" "sfml-window.lib" "sfml-system.lib" kernel32.lib user32.lib gdi32.lib winspool.lib comdlg32.lib advapi32.lib shell32.lib ole32.lib oleaut32.lib uuid.lib odbc32.lib odbccp32.lib kernel32.lib user32.lib gdi32.lib winspool.lib comdlg32.lib advapi32.lib shell32.lib ole32.lib oleaut32.lib uuid.lib odbc32.lib odbccp32.lib /MANIFEST /MANIFESTUAC:"level='asInvoker' uiAccess='false'" /manifest:embed /DEBUG /PDB:"C:\Users\Mauris\Documents\Visual Studio 2013\Projects\SpaceInvaders\x64\Release\SpaceInvaders.pdb" /SUBSYSTEM:CONSOLE /OPT:REF /OPT:ICF /LTCG /TLBID:1 /DYNAMICBASE /NXCOMPAT /IMPLIB:"C:\Users\Mauris\Documents\Visual Studio 2013\Projects\SpaceInvaders\x64\Release\SpaceInvaders.lib" /MACHINE:X64 x64\Release\bullet.obj
         x64\Release\controller.obj
         x64\Release\entity.obj
         "x64\Release\game-view.obj"
         x64\Release\game.obj
         x64\Release\invader.obj
         x64\Release\main.obj
         x64\Release\player.obj
         x64\Release\random.obj
         x64\Release\timing.obj
         x64\Release\scene.obj
         Generating code
         Finished generating code
         SpaceInvaders.vcxproj -> C:\Users\Mauris\Documents\Visual Studio 2013\Projects\SpaceInvaders\x64\Release\SpaceInvaders.exe
     1>Done Building Project "C:\Users\Mauris\Documents\Visual Studio 2013\Projects\SpaceInvaders\SpaceInvaders\SpaceInvaders.vcxproj" (Build target(s)).

Build succeeded.

Time Elapsed 00:00:13.46
